#
# There is insufficient memory for the Java Runtime Environment to continue.
# Native memory allocation (malloc) failed to allocate 1240112 bytes for Chunk::new
# Possible reasons:
#   The system is out of physical RAM or swap space
#   The process is running with CompressedOops enabled, and the Java Heap may be blocking the growth of the native heap
# Possible solutions:
#   Reduce memory load on the system
#   Increase physical memory or swap space
#   Check if swap backing store is full
#   Decrease Java heap size (-Xmx/-Xms)
#   Decrease number of Java threads
#   Decrease Java thread stack sizes (-Xss)
#   Set larger code cache with -XX:ReservedCodeCacheSize=
#   JVM is running with Zero Based Compressed Oops mode in which the Java heap is
#     placed in the first 32GB address space. The Java Heap base address is the
#     maximum limit for the native heap growth. Please use -XX:HeapBaseMinAddress
#     to set the Java Heap base and to place the Java Heap above 32GB virtual address.
# This output file may be truncated or incomplete.
#
#  Out of Memory Error (arena.cpp:189), pid=5468, tid=7272
#
# JRE version: Java(TM) SE Runtime Environment (17.0.11+7) (build 17.0.11+7-LTS-207)
# Java VM: Java HotSpot(TM) 64-Bit Server VM (17.0.11+7-LTS-207, mixed mode, sharing, tiered, compressed oops, compressed class ptrs, g1 gc, windows-amd64)
# No core dump will be written. Minidumps are not enabled by default on client versions of Windows
#

---------------  S U M M A R Y ------------

Command Line: org.jetbrains.kotlin.cli.jvm.K2JVMCompiler @E:\desktop 2025\Pakhims\PakHIMS\node_modules\expo-modules-core\android\build\20250408_11149805665097129285.compiler.options

Host: Intel(R) Core(TM) i5-8350U CPU @ 1.70GHz, 8 cores, 15G,  Windows 10 , 64 bit Build 19041 (10.0.19041.5438)
Time: Tue Apr  8 18:09:51 2025 Pakistan Standard Time elapsed time: 39.113366 seconds (0d 0h 0m 39s)

---------------  T H R E A D  ---------------

Current thread (0x00000271fe9a0a00):  JavaThread "C2 CompilerThread1" daemon [_thread_in_native, id=7272, stack(0x0000007652d00000,0x0000007652e00000)]


Current CompileTask:
C2:  39113 21421       4       org.jetbrains.kotlin.ir.visitors.IrElementTransformerVoid::visitSimpleFunction (12 bytes)

Stack: [0x0000007652d00000,0x0000007652e00000]
Native frames: (J=compiled Java code, j=interpreted, Vv=VM code, C=native code)
V  [jvm.dll+0x679cca]
V  [jvm.dll+0x7da13d]
V  [jvm.dll+0x7dba83]
V  [jvm.dll+0x7dc0f3]
V  [jvm.dll+0x2449af]
V  [jvm.dll+0xab83b]
V  [jvm.dll+0xabe1c]
V  [jvm.dll+0x3615ae]
V  [jvm.dll+0x1b9fca]
V  [jvm.dll+0x216337]
V  [jvm.dll+0x21560f]
V  [jvm.dll+0x1a2040]
V  [jvm.dll+0x225a2b]
V  [jvm.dll+0x223bcb]
V  [jvm.dll+0x7903ec]
V  [jvm.dll+0x78a85a]
V  [jvm.dll+0x678bb5]
C  [ucrtbase.dll+0x21bb2]
C  [KERNEL32.DLL+0x17374]
C  [ntdll.dll+0x4cc91]


---------------  P R O C E S S  ---------------

Threads class SMR info:
_java_thread_list=0x00000271fe71b6a0, length=14, elements={
0x000002719999b260, 0x00000271bc68f140, 0x00000271bc68ffc0, 0x00000271bc6a2ab0,
0x00000271bc6a3670, 0x00000271bc6a6040, 0x00000271bc6a6a00, 0x00000271bc6a76f0,
0x00000271bc6b25d0, 0x00000271bc6b84e0, 0x00000271bc8de5f0, 0x00000271bc8ed760,
0x00000271fe9a0a00, 0x00000271fe99ffa0
}

Java Threads: ( => current thread )
  0x000002719999b260 JavaThread "main" [_thread_in_Java, id=18284, stack(0x0000007651a00000,0x0000007651b00000)]
  0x00000271bc68f140 JavaThread "Reference Handler" daemon [_thread_blocked, id=17056, stack(0x0000007652100000,0x0000007652200000)]
  0x00000271bc68ffc0 JavaThread "Finalizer" daemon [_thread_blocked, id=19860, stack(0x0000007652200000,0x0000007652300000)]
  0x00000271bc6a2ab0 JavaThread "Signal Dispatcher" daemon [_thread_blocked, id=18532, stack(0x0000007652300000,0x0000007652400000)]
  0x00000271bc6a3670 JavaThread "Attach Listener" daemon [_thread_blocked, id=1108, stack(0x0000007652400000,0x0000007652500000)]
  0x00000271bc6a6040 JavaThread "Service Thread" daemon [_thread_blocked, id=22064, stack(0x0000007652500000,0x0000007652600000)]
  0x00000271bc6a6a00 JavaThread "Monitor Deflation Thread" daemon [_thread_blocked, id=22308, stack(0x0000007652600000,0x0000007652700000)]
  0x00000271bc6a76f0 JavaThread "C2 CompilerThread0" daemon [_thread_in_native, id=16392, stack(0x0000007652700000,0x0000007652800000)]
  0x00000271bc6b25d0 JavaThread "C1 CompilerThread0" daemon [_thread_in_vm, id=17012, stack(0x0000007652800000,0x0000007652900000)]
  0x00000271bc6b84e0 JavaThread "Sweeper thread" daemon [_thread_blocked, id=12892, stack(0x0000007652900000,0x0000007652a00000)]
  0x00000271bc8de5f0 JavaThread "Notification Thread" daemon [_thread_blocked, id=8500, stack(0x0000007652a00000,0x0000007652b00000)]
  0x00000271bc8ed760 JavaThread "Common-Cleaner" daemon [_thread_blocked, id=22476, stack(0x0000007652c00000,0x0000007652d00000)]
=>0x00000271fe9a0a00 JavaThread "C2 CompilerThread1" daemon [_thread_in_native, id=7272, stack(0x0000007652d00000,0x0000007652e00000)]
  0x00000271fe99ffa0 JavaThread "C2 CompilerThread2" daemon [_thread_in_native, id=10484, stack(0x0000007653500000,0x0000007653600000)]

Other Threads:
  0x00000271bc689530 VMThread "VM Thread" [stack: 0x0000007652000000,0x0000007652100000] [id=4832]
  0x00000271bc8ecb00 WatcherThread [stack: 0x0000007652b00000,0x0000007652c00000] [id=17700]
  0x0000027199a06820 GCTaskThread "GC Thread#0" [stack: 0x0000007651b00000,0x0000007651c00000] [id=3612]
  0x00000271fe223c80 GCTaskThread "GC Thread#1" [stack: 0x0000007652e00000,0x0000007652f00000] [id=22692]
  0x00000271fe223f40 GCTaskThread "GC Thread#2" [stack: 0x0000007652f00000,0x0000007653000000] [id=16824]
  0x00000271fe224200 GCTaskThread "GC Thread#3" [stack: 0x0000007653000000,0x0000007653100000] [id=1496]
  0x00000271fe2244c0 GCTaskThread "GC Thread#4" [stack: 0x0000007653100000,0x0000007653200000] [id=12308]
  0x00000271fe2270c0 GCTaskThread "GC Thread#5" [stack: 0x0000007653200000,0x0000007653300000] [id=9248]
  0x00000271fe83b050 GCTaskThread "GC Thread#6" [stack: 0x0000007653300000,0x0000007653400000] [id=3144]
  0x00000271fe7e8fd0 GCTaskThread "GC Thread#7" [stack: 0x0000007653400000,0x0000007653500000] [id=11924]
  0x0000027199a17500 ConcurrentGCThread "G1 Main Marker" [stack: 0x0000007651c00000,0x0000007651d00000] [id=15176]
  0x0000027199a17f10 ConcurrentGCThread "G1 Conc#0" [stack: 0x0000007651d00000,0x0000007651e00000] [id=9564]
  0x00000271fed9a0b0 ConcurrentGCThread "G1 Conc#1" [stack: 0x0000007653600000,0x0000007653700000] [id=7568]
  0x00000271bc5430e0 ConcurrentGCThread "G1 Refine#0" [stack: 0x0000007651e00000,0x0000007651f00000] [id=18720]
  0x00000271840def30 ConcurrentGCThread "G1 Refine#1" [stack: 0x0000007653700000,0x0000007653800000] [id=5988]
  0x0000027185430490 ConcurrentGCThread "G1 Refine#2" [stack: 0x0000007653800000,0x0000007653900000] [id=4404]
  0x0000027185431050 ConcurrentGCThread "G1 Refine#3" [stack: 0x0000007653900000,0x0000007653a00000] [id=13772]
  0x0000027187407810 ConcurrentGCThread "G1 Refine#4" [stack: 0x0000007653a00000,0x0000007653b00000] [id=11724]
  0x0000027187293b60 ConcurrentGCThread "G1 Refine#5" [stack: 0x0000007653b00000,0x0000007653c00000] [id=19940]
  0x00000271bc543b10 ConcurrentGCThread "G1 Service" [stack: 0x0000007651f00000,0x0000007652000000] [id=19992]

Threads with active compile tasks:
C2 CompilerThread0    39145 22312       4       org.jetbrains.kotlin.ir.util.TypeTranslator::translateType (628 bytes)
C1 CompilerThread0    39145 22573       3       org.jetbrains.kotlin.ir.util.DeepCopyIrTreeWithSymbols::copyTypeParametersFrom (363 bytes)
C2 CompilerThread1    39145 21421       4       org.jetbrains.kotlin.ir.visitors.IrElementTransformerVoid::visitSimpleFunction (12 bytes)
C2 CompilerThread2    39146 21395       4       org.jetbrains.kotlin.ir.visitors.IrElementTransformerVoid::visitCall (13 bytes)

VM state: not at safepoint (normal execution)

VM Mutex/Monitor currently owned by a thread: None

Heap address: 0x0000000702600000, size: 4058 MB, Compressed Oops mode: Zero based, Oop shift amount: 3

CDS archive(s) mapped at: [0x00000271bd000000-0x00000271bdbd0000-0x00000271bdbd0000), size 12386304, SharedBaseAddress: 0x00000271bd000000, ArchiveRelocationMode: 1.
Compressed class space mapped at: 0x00000271be000000-0x00000271fe000000, reserved size: 1073741824
Narrow klass base: 0x00000271bd000000, Narrow klass shift: 0, Narrow klass range: 0x100000000

GC Precious Log:
 CPUs: 8 total, 8 available
 Memory: 16227M
 Large Page Support: Disabled
 NUMA Support: Disabled
 Compressed Oops: Enabled (Zero based)
 Heap Region Size: 2M
 Heap Min Capacity: 8M
 Heap Initial Capacity: 254M
 Heap Max Capacity: 4058M
 Pre-touch: Disabled
 Parallel Workers: 8
 Concurrent Workers: 2
 Concurrent Refinement Workers: 8
 Periodic GC: Disabled

Heap:
 garbage-first heap   total 264192K, used 211179K [0x0000000702600000, 0x0000000800000000)
  region size 2048K, 26 young (53248K), 5 survivors (10240K)
 Metaspace       used 71176K, committed 71552K, reserved 1114112K
  class space    used 7606K, committed 7808K, reserved 1048576K

Heap Regions: E=young(eden), S=young(survivor), O=old, HS=humongous(starts), HC=humongous(continues), CS=collection set, F=free, OA=open archive, CA=closed archive, TAMS=top-at-mark-start (previous, next)
|   0|0x0000000702600000, 0x0000000702800000, 0x0000000702800000|100%|HS|  |TAMS 0x0000000702800000, 0x0000000702600000| Complete 
|   1|0x0000000702800000, 0x0000000702a00000, 0x0000000702a00000|100%|HC|  |TAMS 0x0000000702a00000, 0x0000000702800000| Complete 
|   2|0x0000000702a00000, 0x0000000702c00000, 0x0000000702c00000|100%| O|  |TAMS 0x0000000702c00000, 0x0000000702a00000| Untracked 
|   3|0x0000000702c00000, 0x0000000702e00000, 0x0000000702e00000|100%| O|  |TAMS 0x0000000702e00000, 0x0000000702c00000| Untracked 
|   4|0x0000000702e00000, 0x0000000703000000, 0x0000000703000000|100%| O|  |TAMS 0x0000000703000000, 0x0000000702e00000| Untracked 
|   5|0x0000000703000000, 0x0000000703200000, 0x0000000703200000|100%| O|  |TAMS 0x0000000703200000, 0x0000000703000000| Untracked 
|   6|0x0000000703200000, 0x0000000703400000, 0x0000000703400000|100%| O|  |TAMS 0x0000000703400000, 0x0000000703200000| Untracked 
|   7|0x0000000703400000, 0x0000000703600000, 0x0000000703600000|100%| O|  |TAMS 0x0000000703600000, 0x0000000703400000| Untracked 
|   8|0x0000000703600000, 0x0000000703800000, 0x0000000703800000|100%| O|  |TAMS 0x0000000703800000, 0x0000000703600000| Untracked 
|   9|0x0000000703800000, 0x0000000703a00000, 0x0000000703a00000|100%| O|  |TAMS 0x0000000703a00000, 0x0000000703800000| Untracked 
|  10|0x0000000703a00000, 0x0000000703c00000, 0x0000000703c00000|100%| O|  |TAMS 0x0000000703c00000, 0x0000000703a00000| Untracked 
|  11|0x0000000703c00000, 0x0000000703e00000, 0x0000000703e00000|100%| O|  |TAMS 0x0000000703e00000, 0x0000000703c00000| Untracked 
|  12|0x0000000703e00000, 0x0000000704000000, 0x0000000704000000|100%|HS|  |TAMS 0x0000000704000000, 0x0000000703e00000| Complete 
|  13|0x0000000704000000, 0x0000000704200000, 0x0000000704200000|100%| O|  |TAMS 0x0000000704200000, 0x0000000704000000| Untracked 
|  14|0x0000000704200000, 0x0000000704400000, 0x0000000704400000|100%| O|  |TAMS 0x0000000704400000, 0x0000000704200000| Untracked 
|  15|0x0000000704400000, 0x0000000704600000, 0x0000000704600000|100%| O|  |TAMS 0x0000000704600000, 0x0000000704400000| Untracked 
|  16|0x0000000704600000, 0x0000000704800000, 0x0000000704800000|100%| O|  |TAMS 0x0000000704800000, 0x0000000704600000| Untracked 
|  17|0x0000000704800000, 0x0000000704a00000, 0x0000000704a00000|100%| O|  |TAMS 0x0000000704a00000, 0x0000000704800000| Untracked 
|  18|0x0000000704a00000, 0x0000000704c00000, 0x0000000704c00000|100%| O|  |TAMS 0x0000000704c00000, 0x0000000704a00000| Untracked 
|  19|0x0000000704c00000, 0x0000000704e00000, 0x0000000704e00000|100%| O|  |TAMS 0x0000000704e00000, 0x0000000704c00000| Untracked 
|  20|0x0000000704e00000, 0x0000000705000000, 0x0000000705000000|100%| O|  |TAMS 0x0000000705000000, 0x0000000704e00000| Untracked 
|  21|0x0000000705000000, 0x0000000705200000, 0x0000000705200000|100%|HS|  |TAMS 0x0000000705200000, 0x0000000705000000| Complete 
|  22|0x0000000705200000, 0x0000000705400000, 0x0000000705400000|100%| O|  |TAMS 0x0000000705400000, 0x0000000705200000| Untracked 
|  23|0x0000000705400000, 0x0000000705600000, 0x0000000705600000|100%| O|  |TAMS 0x0000000705600000, 0x0000000705400000| Untracked 
|  24|0x0000000705600000, 0x0000000705800000, 0x0000000705800000|100%| O|  |TAMS 0x0000000705600000, 0x0000000705600000| Untracked 
|  25|0x0000000705800000, 0x0000000705a00000, 0x0000000705a00000|100%| O|  |TAMS 0x0000000705a00000, 0x0000000705800000| Untracked 
|  26|0x0000000705a00000, 0x0000000705c00000, 0x0000000705c00000|100%| O|  |TAMS 0x0000000705c00000, 0x0000000705a00000| Untracked 
|  27|0x0000000705c00000, 0x0000000705e00000, 0x0000000705e00000|100%| O|  |TAMS 0x0000000705e00000, 0x0000000705c00000| Untracked 
|  28|0x0000000705e00000, 0x0000000706000000, 0x0000000706000000|100%| O|  |TAMS 0x0000000706000000, 0x0000000705e00000| Untracked 
|  29|0x0000000706000000, 0x0000000706200000, 0x0000000706200000|100%| O|  |TAMS 0x0000000706200000, 0x0000000706000000| Untracked 
|  30|0x0000000706200000, 0x0000000706400000, 0x0000000706400000|100%| O|  |TAMS 0x0000000706400000, 0x0000000706200000| Untracked 
|  31|0x0000000706400000, 0x0000000706600000, 0x0000000706600000|100%| O|  |TAMS 0x0000000706600000, 0x0000000706400000| Untracked 
|  32|0x0000000706600000, 0x0000000706800000, 0x0000000706800000|100%| O|  |TAMS 0x0000000706800000, 0x0000000706600000| Untracked 
|  33|0x0000000706800000, 0x0000000706a00000, 0x0000000706a00000|100%| O|  |TAMS 0x0000000706a00000, 0x0000000706800000| Untracked 
|  34|0x0000000706a00000, 0x0000000706c00000, 0x0000000706c00000|100%| O|  |TAMS 0x0000000706c00000, 0x0000000706a00000| Untracked 
|  35|0x0000000706c00000, 0x0000000706e00000, 0x0000000706e00000|100%| O|  |TAMS 0x0000000706e00000, 0x0000000706c00000| Untracked 
|  36|0x0000000706e00000, 0x0000000707000000, 0x0000000707000000|100%| O|  |TAMS 0x0000000707000000, 0x0000000706e00000| Untracked 
|  37|0x0000000707000000, 0x0000000707200000, 0x0000000707200000|100%| O|  |TAMS 0x0000000707200000, 0x0000000707000000| Untracked 
|  38|0x0000000707200000, 0x0000000707400000, 0x0000000707400000|100%| O|  |TAMS 0x0000000707400000, 0x0000000707200000| Untracked 
|  39|0x0000000707400000, 0x0000000707600000, 0x0000000707600000|100%| O|  |TAMS 0x0000000707600000, 0x0000000707400000| Untracked 
|  40|0x0000000707600000, 0x0000000707800000, 0x0000000707800000|100%| O|  |TAMS 0x0000000707800000, 0x0000000707600000| Untracked 
|  41|0x0000000707800000, 0x0000000707a00000, 0x0000000707a00000|100%| O|  |TAMS 0x0000000707a00000, 0x0000000707800000| Untracked 
|  42|0x0000000707a00000, 0x0000000707c00000, 0x0000000707c00000|100%| O|  |TAMS 0x0000000707c00000, 0x0000000707a00000| Untracked 
|  43|0x0000000707c00000, 0x0000000707e00000, 0x0000000707e00000|100%| O|  |TAMS 0x0000000707e00000, 0x0000000707c00000| Untracked 
|  44|0x0000000707e00000, 0x0000000708000000, 0x0000000708000000|100%| O|  |TAMS 0x0000000708000000, 0x0000000707e00000| Untracked 
|  45|0x0000000708000000, 0x0000000708200000, 0x0000000708200000|100%| O|  |TAMS 0x0000000708200000, 0x0000000708000000| Untracked 
|  46|0x0000000708200000, 0x0000000708400000, 0x0000000708400000|100%| O|  |TAMS 0x0000000708400000, 0x0000000708200000| Untracked 
|  47|0x0000000708400000, 0x0000000708600000, 0x0000000708600000|100%| O|  |TAMS 0x0000000708600000, 0x0000000708400000| Untracked 
|  48|0x0000000708600000, 0x0000000708800000, 0x0000000708800000|100%| O|  |TAMS 0x0000000708800000, 0x0000000708600000| Untracked 
|  49|0x0000000708800000, 0x0000000708a00000, 0x0000000708a00000|100%| O|  |TAMS 0x0000000708a00000, 0x0000000708800000| Untracked 
|  50|0x0000000708a00000, 0x0000000708c00000, 0x0000000708c00000|100%| O|  |TAMS 0x0000000708c00000, 0x0000000708a00000| Untracked 
|  51|0x0000000708c00000, 0x0000000708e00000, 0x0000000708e00000|100%| O|  |TAMS 0x0000000708e00000, 0x0000000708c00000| Untracked 
|  52|0x0000000708e00000, 0x0000000709000000, 0x0000000709000000|100%| O|  |TAMS 0x0000000709000000, 0x0000000708e00000| Untracked 
|  53|0x0000000709000000, 0x0000000709200000, 0x0000000709200000|100%| O|  |TAMS 0x0000000709200000, 0x0000000709000000| Untracked 
|  54|0x0000000709200000, 0x0000000709400000, 0x0000000709400000|100%| O|  |TAMS 0x0000000709400000, 0x0000000709200000| Untracked 
|  55|0x0000000709400000, 0x0000000709600000, 0x0000000709600000|100%| O|  |TAMS 0x0000000709400000, 0x0000000709400000| Untracked 
|  56|0x0000000709600000, 0x0000000709800000, 0x0000000709800000|100%| O|  |TAMS 0x0000000709800000, 0x0000000709600000| Untracked 
|  57|0x0000000709800000, 0x0000000709a00000, 0x0000000709a00000|100%| O|  |TAMS 0x0000000709a00000, 0x0000000709800000| Untracked 
|  58|0x0000000709a00000, 0x0000000709c00000, 0x0000000709c00000|100%| O|  |TAMS 0x0000000709c00000, 0x0000000709a00000| Untracked 
|  59|0x0000000709c00000, 0x0000000709e00000, 0x0000000709e00000|100%| O|  |TAMS 0x0000000709e00000, 0x0000000709c00000| Untracked 
|  60|0x0000000709e00000, 0x000000070a000000, 0x000000070a000000|100%| O|  |TAMS 0x000000070a000000, 0x0000000709e00000| Untracked 
|  61|0x000000070a000000, 0x000000070a200000, 0x000000070a200000|100%| O|  |TAMS 0x000000070a200000, 0x000000070a000000| Untracked 
|  62|0x000000070a200000, 0x000000070a400000, 0x000000070a400000|100%| O|  |TAMS 0x000000070a400000, 0x000000070a200000| Untracked 
|  63|0x000000070a400000, 0x000000070a600000, 0x000000070a600000|100%| O|  |TAMS 0x000000070a4eba00, 0x000000070a400000| Untracked 
|  64|0x000000070a600000, 0x000000070a800000, 0x000000070a800000|100%|HS|  |TAMS 0x000000070a600000, 0x000000070a600000| Complete 
|  65|0x000000070a800000, 0x000000070aa00000, 0x000000070aa00000|100%|HC|  |TAMS 0x000000070a800000, 0x000000070a800000| Complete 
|  66|0x000000070aa00000, 0x000000070ac00000, 0x000000070ac00000|100%|HC|  |TAMS 0x000000070aa00000, 0x000000070aa00000| Complete 
|  67|0x000000070ac00000, 0x000000070ae00000, 0x000000070ae00000|100%|HC|  |TAMS 0x000000070ac00000, 0x000000070ac00000| Complete 
|  68|0x000000070ae00000, 0x000000070b000000, 0x000000070b000000|100%|HC|  |TAMS 0x000000070ae00000, 0x000000070ae00000| Complete 
|  69|0x000000070b000000, 0x000000070b200000, 0x000000070b200000|100%| O|  |TAMS 0x000000070b000000, 0x000000070b000000| Untracked 
|  70|0x000000070b200000, 0x000000070b400000, 0x000000070b400000|100%| O|  |TAMS 0x000000070b200000, 0x000000070b200000| Untracked 
|  71|0x000000070b400000, 0x000000070b600000, 0x000000070b600000|100%| O|  |TAMS 0x000000070b400000, 0x000000070b400000| Untracked 
|  72|0x000000070b600000, 0x000000070b800000, 0x000000070b800000|100%| O|  |TAMS 0x000000070b600000, 0x000000070b600000| Untracked 
|  73|0x000000070b800000, 0x000000070ba00000, 0x000000070ba00000|100%| O|  |TAMS 0x000000070b800000, 0x000000070b800000| Untracked 
|  74|0x000000070ba00000, 0x000000070bc00000, 0x000000070bc00000|100%| O|  |TAMS 0x000000070ba00000, 0x000000070ba00000| Untracked 
|  75|0x000000070bc00000, 0x000000070be00000, 0x000000070be00000|100%| O|  |TAMS 0x000000070bc00000, 0x000000070bc00000| Untracked 
|  76|0x000000070be00000, 0x000000070c000000, 0x000000070c000000|100%| O|  |TAMS 0x000000070be00000, 0x000000070be00000| Untracked 
|  77|0x000000070c000000, 0x000000070c200000, 0x000000070c200000|100%| O|  |TAMS 0x000000070c000000, 0x000000070c000000| Untracked 
|  78|0x000000070c200000, 0x000000070c23ac00, 0x000000070c400000| 11%| O|  |TAMS 0x000000070c200000, 0x000000070c200000| Untracked 
|  79|0x000000070c400000, 0x000000070c400000, 0x000000070c600000|  0%| F|  |TAMS 0x000000070c400000, 0x000000070c400000| Untracked 
|  80|0x000000070c600000, 0x000000070c600000, 0x000000070c800000|  0%| F|  |TAMS 0x000000070c600000, 0x000000070c600000| Untracked 
|  81|0x000000070c800000, 0x000000070c800000, 0x000000070ca00000|  0%| F|  |TAMS 0x000000070c800000, 0x000000070c800000| Untracked 
|  82|0x000000070ca00000, 0x000000070ca00000, 0x000000070cc00000|  0%| F|  |TAMS 0x000000070ca00000, 0x000000070ca00000| Untracked 
|  83|0x000000070cc00000, 0x000000070cc00000, 0x000000070ce00000|  0%| F|  |TAMS 0x000000070cc00000, 0x000000070cc00000| Untracked 
|  84|0x000000070ce00000, 0x000000070ce00000, 0x000000070d000000|  0%| F|  |TAMS 0x000000070ce00000, 0x000000070ce00000| Untracked 
|  85|0x000000070d000000, 0x000000070d000000, 0x000000070d200000|  0%| F|  |TAMS 0x000000070d000000, 0x000000070d000000| Untracked 
|  86|0x000000070d200000, 0x000000070d200000, 0x000000070d400000|  0%| F|  |TAMS 0x000000070d200000, 0x000000070d200000| Untracked 
|  87|0x000000070d400000, 0x000000070d400000, 0x000000070d600000|  0%| F|  |TAMS 0x000000070d400000, 0x000000070d400000| Untracked 
|  88|0x000000070d600000, 0x000000070d600000, 0x000000070d800000|  0%| F|  |TAMS 0x000000070d600000, 0x000000070d600000| Untracked 
|  89|0x000000070d800000, 0x000000070d800000, 0x000000070da00000|  0%| F|  |TAMS 0x000000070d800000, 0x000000070d800000| Untracked 
|  90|0x000000070da00000, 0x000000070da00000, 0x000000070dc00000|  0%| F|  |TAMS 0x000000070da00000, 0x000000070da00000| Untracked 
|  91|0x000000070dc00000, 0x000000070dc00000, 0x000000070de00000|  0%| F|  |TAMS 0x000000070dc00000, 0x000000070dc00000| Untracked 
|  92|0x000000070de00000, 0x000000070de00000, 0x000000070e000000|  0%| F|  |TAMS 0x000000070de00000, 0x000000070de00000| Untracked 
|  93|0x000000070e000000, 0x000000070e200000, 0x000000070e200000|100%| S|CS|TAMS 0x000000070e000000, 0x000000070e000000| Complete 
|  94|0x000000070e200000, 0x000000070e400000, 0x000000070e400000|100%| S|CS|TAMS 0x000000070e200000, 0x000000070e200000| Complete 
|  95|0x000000070e400000, 0x000000070e600000, 0x000000070e600000|100%| S|CS|TAMS 0x000000070e400000, 0x000000070e400000| Complete 
|  96|0x000000070e600000, 0x000000070e800000, 0x000000070e800000|100%| S|CS|TAMS 0x000000070e600000, 0x000000070e600000| Complete 
|  97|0x000000070e800000, 0x000000070ea00000, 0x000000070ea00000|100%| S|CS|TAMS 0x000000070e800000, 0x000000070e800000| Complete 
|  98|0x000000070ea00000, 0x000000070ea00000, 0x000000070ec00000|  0%| F|  |TAMS 0x000000070ea00000, 0x000000070ea00000| Untracked 
|  99|0x000000070ec00000, 0x000000070ec00000, 0x000000070ee00000|  0%| F|  |TAMS 0x000000070ec00000, 0x000000070ec00000| Untracked 
| 100|0x000000070ee00000, 0x000000070ee00000, 0x000000070f000000|  0%| F|  |TAMS 0x000000070ee00000, 0x000000070ee00000| Untracked 
| 101|0x000000070f000000, 0x000000070f000000, 0x000000070f200000|  0%| F|  |TAMS 0x000000070f000000, 0x000000070f000000| Untracked 
| 102|0x000000070f200000, 0x000000070f200000, 0x000000070f400000|  0%| F|  |TAMS 0x000000070f200000, 0x000000070f200000| Untracked 
| 103|0x000000070f400000, 0x000000070f400000, 0x000000070f600000|  0%| F|  |TAMS 0x000000070f400000, 0x000000070f400000| Untracked 
| 104|0x000000070f600000, 0x000000070f600000, 0x000000070f800000|  0%| F|  |TAMS 0x000000070f600000, 0x000000070f600000| Untracked 
| 105|0x000000070f800000, 0x000000070f800000, 0x000000070fa00000|  0%| F|  |TAMS 0x000000070f800000, 0x000000070f800000| Untracked 
| 106|0x000000070fa00000, 0x000000070fa00000, 0x000000070fc00000|  0%| F|  |TAMS 0x000000070fa00000, 0x000000070fa00000| Untracked 
| 107|0x000000070fc00000, 0x000000070fc00000, 0x000000070fe00000|  0%| F|  |TAMS 0x000000070fc00000, 0x000000070fc00000| Untracked 
| 108|0x000000070fe00000, 0x000000070ffea000, 0x0000000710000000| 95%| E|  |TAMS 0x000000070fe00000, 0x000000070fe00000| Complete 
| 109|0x0000000710000000, 0x0000000710200000, 0x0000000710200000|100%| E|CS|TAMS 0x0000000710000000, 0x0000000710000000| Complete 
| 110|0x0000000710200000, 0x0000000710400000, 0x0000000710400000|100%| E|CS|TAMS 0x0000000710200000, 0x0000000710200000| Complete 
| 111|0x0000000710400000, 0x0000000710600000, 0x0000000710600000|100%| E|CS|TAMS 0x0000000710400000, 0x0000000710400000| Complete 
| 112|0x0000000710600000, 0x0000000710800000, 0x0000000710800000|100%| E|CS|TAMS 0x0000000710600000, 0x0000000710600000| Complete 
| 113|0x0000000710800000, 0x0000000710a00000, 0x0000000710a00000|100%| E|CS|TAMS 0x0000000710800000, 0x0000000710800000| Complete 
| 114|0x0000000710a00000, 0x0000000710c00000, 0x0000000710c00000|100%| E|CS|TAMS 0x0000000710a00000, 0x0000000710a00000| Complete 
| 115|0x0000000710c00000, 0x0000000710e00000, 0x0000000710e00000|100%| E|CS|TAMS 0x0000000710c00000, 0x0000000710c00000| Complete 
| 116|0x0000000710e00000, 0x0000000711000000, 0x0000000711000000|100%| E|CS|TAMS 0x0000000710e00000, 0x0000000710e00000| Complete 
| 117|0x0000000711000000, 0x0000000711200000, 0x0000000711200000|100%| E|CS|TAMS 0x0000000711000000, 0x0000000711000000| Complete 
| 118|0x0000000711200000, 0x0000000711400000, 0x0000000711400000|100%| E|CS|TAMS 0x0000000711200000, 0x0000000711200000| Complete 
| 119|0x0000000711400000, 0x0000000711600000, 0x0000000711600000|100%| E|CS|TAMS 0x0000000711400000, 0x0000000711400000| Complete 
| 120|0x0000000711600000, 0x0000000711800000, 0x0000000711800000|100%| E|CS|TAMS 0x0000000711600000, 0x0000000711600000| Complete 
| 121|0x0000000711800000, 0x0000000711a00000, 0x0000000711a00000|100%| E|CS|TAMS 0x0000000711800000, 0x0000000711800000| Complete 
| 122|0x0000000711a00000, 0x0000000711c00000, 0x0000000711c00000|100%| E|CS|TAMS 0x0000000711a00000, 0x0000000711a00000| Complete 
| 123|0x0000000711c00000, 0x0000000711e00000, 0x0000000711e00000|100%| E|CS|TAMS 0x0000000711c00000, 0x0000000711c00000| Complete 
| 124|0x0000000711e00000, 0x0000000712000000, 0x0000000712000000|100%| E|CS|TAMS 0x0000000711e00000, 0x0000000711e00000| Complete 
| 125|0x0000000712000000, 0x0000000712200000, 0x0000000712200000|100%| E|CS|TAMS 0x0000000712000000, 0x0000000712000000| Complete 
| 126|0x0000000712200000, 0x0000000712400000, 0x0000000712400000|100%| E|CS|TAMS 0x0000000712200000, 0x0000000712200000| Complete 
| 127|0x0000000712400000, 0x0000000712600000, 0x0000000712600000|100%| E|CS|TAMS 0x0000000712400000, 0x0000000712400000| Complete 
| 128|0x0000000712600000, 0x0000000712800000, 0x0000000712800000|100%| E|CS|TAMS 0x0000000712600000, 0x0000000712600000| Complete 

Card table byte_map: [0x00000271b0d80000,0x00000271b1570000] _byte_map_base: 0x00000271ad56d000

Marking Bits (Prev, Next): (CMBitMap*) 0x0000027199a06e40, (CMBitMap*) 0x0000027199a06e80
 Prev Bits: [0x00000271b1d60000, 0x00000271b5cc8000)
 Next Bits: [0x00000271b5cd0000, 0x00000271b9c38000)

Polling page: 0x0000027197970000

Metaspace:

Usage:
  Non-class:     62.09 MB used.
      Class:      7.43 MB used.
       Both:     69.52 MB used.

Virtual space:
  Non-class space:       64.00 MB reserved,      62.25 MB ( 97%) committed,  1 nodes.
      Class space:        1.00 GB reserved,       7.62 MB ( <1%) committed,  1 nodes.
             Both:        1.06 GB reserved,      69.88 MB (  6%) committed. 

Chunk freelists:
   Non-Class:  832.00 KB
       Class:  8.42 MB
        Both:  9.23 MB

MaxMetaspaceSize: unlimited
CompressedClassSpaceSize: 1.00 GB
Initial GC threshold: 21.00 MB
Current GC threshold: 99.19 MB
CDS: on
MetaspaceReclaimPolicy: balanced
 - commit_granule_bytes: 65536.
 - commit_granule_words: 8192.
 - virtual_space_node_default_size: 8388608.
 - enlarge_chunks_in_place: 1.
 - new_chunks_are_fully_committed: 0.
 - uncommit_free_chunks: 1.
 - use_allocation_guard: 0.
 - handle_deallocations: 1.


Internal statistics:

num_allocs_failed_limit: 9.
num_arena_births: 428.
num_arena_deaths: 0.
num_vsnodes_births: 2.
num_vsnodes_deaths: 0.
num_space_committed: 1116.
num_space_uncommitted: 0.
num_chunks_returned_to_freelist: 9.
num_chunks_taken_from_freelist: 3245.
num_chunk_merges: 9.
num_chunk_splits: 2437.
num_chunks_enlarged: 2008.
num_inconsistent_stats: 0.

CodeHeap 'non-profiled nmethods': size=120000Kb used=13283Kb max_used=13283Kb free=106716Kb
 bounds [0x00000271a8d30000, 0x00000271a9a30000, 0x00000271b0260000]
CodeHeap 'profiled nmethods': size=120000Kb used=45067Kb max_used=45317Kb free=74932Kb
 bounds [0x00000271a1260000, 0x00000271a3eb0000, 0x00000271a8790000]
CodeHeap 'non-nmethods': size=5760Kb used=1405Kb max_used=1486Kb free=4355Kb
 bounds [0x00000271a8790000, 0x00000271a8a00000, 0x00000271a8d30000]
 total_blobs=17567 nmethods=16843 adapters=632
 compilation: enabled
              stopped_count=0, restarted_count=0
 full_count=0

Compilation events (20 events):
Event: 39.104 Thread 0x00000271bc6b25d0 nmethod 22483 0x00000271a3a48490 code [0x00000271a3a48660, 0x00000271a3a48918]
Event: 39.104 Thread 0x00000271bc6b25d0 22484       3       org.jetbrains.kotlin.ir.declarations.lazy.IrLazySymbolTable::enterScope (15 bytes)
Event: 39.105 Thread 0x00000271bc6b25d0 nmethod 22484 0x00000271a32e1890 code [0x00000271a32e1bc0, 0x00000271a32e2dd8]
Event: 39.105 Thread 0x00000271bc6b25d0 22485       3       org.jetbrains.kotlin.ir.util.DeepCopySymbolRemapper::getDeclared (46 bytes)
Event: 39.105 Thread 0x00000271bc6b25d0 nmethod 22485 0x00000271a32e0890 code [0x00000271a32e0b00, 0x00000271a32e1538]
Event: 39.105 Thread 0x00000271bc6b25d0 22463       2       org.jetbrains.kotlin.ir.util.DeclarationStubGenerator::generateValueParameterStub$ir_tree (135 bytes)
Event: 39.106 Thread 0x00000271bc6b25d0 nmethod 22463 0x00000271a32df910 code [0x00000271a32dfba0, 0x00000271a32e0378]
Event: 39.106 Thread 0x00000271bc6b25d0 22486       3       androidx.compose.compiler.plugins.kotlin.lower.ComposerTypeRemapper::remapTypeArgument (40 bytes)
Event: 39.106 Thread 0x00000271bc6b25d0 nmethod 22486 0x00000271a32ded90 code [0x00000271a32defa0, 0x00000271a32df798]
Event: 39.106 Thread 0x00000271bc6b25d0 22464       2       org.jetbrains.kotlin.ir.declarations.lazy.IrLazyValueParameter::<init> (205 bytes)
Event: 39.109 Thread 0x00000271bc6b25d0 nmethod 22464 0x00000271a3817710 code [0x00000271a3817c60, 0x00000271a3819c18]
Event: 39.109 Thread 0x00000271bc6b25d0 22497       3       org.jetbrains.kotlin.ir.declarations.lazy.IrLazyConstructor::getValueParameters (19 bytes)
Event: 39.109 Thread 0x00000271bc6b25d0 nmethod 22497 0x00000271a3af7a90 code [0x00000271a3af7c40, 0x00000271a3af7f48]
Event: 39.109 Thread 0x00000271bc6b25d0 22488       2       org.jetbrains.kotlin.ir.declarations.lazy.IrLazyConstructor::getDispatchReceiverParameter (19 bytes)
Event: 39.109 Thread 0x00000271bc6b25d0 nmethod 22488 0x00000271a3de4f90 code [0x00000271a3de5140, 0x00000271a3de52c8]
Event: 39.109 Thread 0x00000271bc6b25d0 22472       2       androidx.compose.compiler.plugins.kotlin.lower.DeepCopyPreservingMetadata::visitSimpleFunction (28 bytes)
Event: 39.110 Thread 0x00000271bc6b25d0 nmethod 22472 0x00000271a3816f90 code [0x00000271a3817180, 0x00000271a38174c8]
Event: 39.110 Thread 0x00000271bc6b25d0 22503       3       androidx.compose.compiler.plugins.kotlin.lower.ComposableTypeRemapperKt::needsComposableRemapping (105 bytes)
Event: 39.111 Thread 0x00000271bc6b25d0 nmethod 22503 0x00000271a3815610 code [0x00000271a3815940, 0x00000271a3816af8]
Event: 39.111 Thread 0x00000271bc6b25d0 22504       3       org.jetbrains.kotlin.ir.util.DeepCopyIrTreeWithSymbols::transformValueArguments (99 bytes)

GC Heap History (20 events):
Event: 28.322 GC heap before
{Heap before GC invocations=33 (full 0):
 garbage-first heap   total 264192K, used 129848K [0x0000000702600000, 0x0000000800000000)
  region size 2048K, 9 young (18432K), 4 survivors (8192K)
 Metaspace       used 60194K, committed 60480K, reserved 1114112K
  class space    used 6697K, committed 6848K, reserved 1048576K
}
Event: 28.330 GC heap after
{Heap after GC invocations=34 (full 0):
 garbage-first heap   total 264192K, used 121824K [0x0000000702600000, 0x0000000800000000)
  region size 2048K, 4 young (8192K), 4 survivors (8192K)
 Metaspace       used 60194K, committed 60480K, reserved 1114112K
  class space    used 6697K, committed 6848K, reserved 1048576K
}
Event: 30.465 GC heap before
{Heap before GC invocations=35 (full 0):
 garbage-first heap   total 264192K, used 220128K [0x0000000702600000, 0x0000000800000000)
  region size 2048K, 52 young (106496K), 4 survivors (8192K)
 Metaspace       used 60391K, committed 60672K, reserved 1114112K
  class space    used 6702K, committed 6848K, reserved 1048576K
}
Event: 30.481 GC heap after
{Heap after GC invocations=36 (full 0):
 garbage-first heap   total 264192K, used 128523K [0x0000000702600000, 0x0000000800000000)
  region size 2048K, 4 young (8192K), 4 survivors (8192K)
 Metaspace       used 60391K, committed 60672K, reserved 1114112K
  class space    used 6702K, committed 6848K, reserved 1048576K
}
Event: 30.599 GC heap before
{Heap before GC invocations=36 (full 0):
 garbage-first heap   total 264192K, used 132619K [0x0000000702600000, 0x0000000800000000)
  region size 2048K, 6 young (12288K), 4 survivors (8192K)
 Metaspace       used 60408K, committed 60736K, reserved 1114112K
  class space    used 6703K, committed 6848K, reserved 1048576K
}
Event: 30.613 GC heap after
{Heap after GC invocations=37 (full 0):
 garbage-first heap   total 264192K, used 129345K [0x0000000702600000, 0x0000000800000000)
  region size 2048K, 1 young (2048K), 1 survivors (2048K)
 Metaspace       used 60408K, committed 60736K, reserved 1114112K
  class space    used 6703K, committed 6848K, reserved 1048576K
}
Event: 32.206 GC heap before
{Heap before GC invocations=37 (full 0):
 garbage-first heap   total 264192K, used 219457K [0x0000000702600000, 0x0000000800000000)
  region size 2048K, 45 young (92160K), 1 survivors (2048K)
 Metaspace       used 60558K, committed 60864K, reserved 1114112K
  class space    used 6706K, committed 6848K, reserved 1048576K
}
Event: 32.213 GC heap after
{Heap after GC invocations=38 (full 0):
 garbage-first heap   total 264192K, used 133343K [0x0000000702600000, 0x0000000800000000)
  region size 2048K, 3 young (6144K), 3 survivors (6144K)
 Metaspace       used 60558K, committed 60864K, reserved 1114112K
  class space    used 6706K, committed 6848K, reserved 1048576K
}
Event: 33.772 GC heap before
{Heap before GC invocations=39 (full 0):
 garbage-first heap   total 264192K, used 231647K [0x0000000702600000, 0x0000000800000000)
  region size 2048K, 46 young (94208K), 3 survivors (6144K)
 Metaspace       used 60770K, committed 61056K, reserved 1114112K
  class space    used 6717K, committed 6848K, reserved 1048576K
}
Event: 33.785 GC heap after
{Heap after GC invocations=40 (full 0):
 garbage-first heap   total 264192K, used 149717K [0x0000000702600000, 0x0000000800000000)
  region size 2048K, 6 young (12288K), 6 survivors (12288K)
 Metaspace       used 60770K, committed 61056K, reserved 1114112K
  class space    used 6717K, committed 6848K, reserved 1048576K
}
Event: 33.827 GC heap before
{Heap before GC invocations=40 (full 0):
 garbage-first heap   total 264192K, used 151765K [0x0000000702600000, 0x0000000800000000)
  region size 2048K, 7 young (14336K), 6 survivors (12288K)
 Metaspace       used 60771K, committed 61056K, reserved 1114112K
  class space    used 6717K, committed 6848K, reserved 1048576K
}
Event: 33.841 GC heap after
{Heap after GC invocations=41 (full 0):
 garbage-first heap   total 264192K, used 150422K [0x0000000702600000, 0x0000000800000000)
  region size 2048K, 1 young (2048K), 1 survivors (2048K)
 Metaspace       used 60771K, committed 61056K, reserved 1114112K
  class space    used 6717K, committed 6848K, reserved 1048576K
}
Event: 34.570 GC heap before
{Heap before GC invocations=41 (full 0):
 garbage-first heap   total 264192K, used 222102K [0x0000000702600000, 0x0000000800000000)
  region size 2048K, 36 young (73728K), 1 survivors (2048K)
 Metaspace       used 61413K, committed 61760K, reserved 1114112K
  class space    used 6751K, committed 6912K, reserved 1048576K
}
Event: 34.574 GC heap after
{Heap after GC invocations=42 (full 0):
 garbage-first heap   total 264192K, used 150536K [0x0000000702600000, 0x0000000800000000)
  region size 2048K, 1 young (2048K), 1 survivors (2048K)
 Metaspace       used 61413K, committed 61760K, reserved 1114112K
  class space    used 6751K, committed 6912K, reserved 1048576K
}
Event: 35.919 GC heap before
{Heap before GC invocations=42 (full 0):
 garbage-first heap   total 264192K, used 224264K [0x0000000702600000, 0x0000000800000000)
  region size 2048K, 37 young (75776K), 1 survivors (2048K)
 Metaspace       used 65327K, committed 65664K, reserved 1114112K
  class space    used 7067K, committed 7232K, reserved 1048576K
}
Event: 35.926 GC heap after
{Heap after GC invocations=43 (full 0):
 garbage-first heap   total 264192K, used 152320K [0x0000000702600000, 0x0000000800000000)
  region size 2048K, 2 young (4096K), 2 survivors (4096K)
 Metaspace       used 65327K, committed 65664K, reserved 1114112K
  class space    used 7067K, committed 7232K, reserved 1048576K
}
Event: 37.463 GC heap before
{Heap before GC invocations=43 (full 0):
 garbage-first heap   total 264192K, used 226048K [0x0000000702600000, 0x0000000800000000)
  region size 2048K, 38 young (77824K), 2 survivors (4096K)
 Metaspace       used 68360K, committed 68672K, reserved 1114112K
  class space    used 7326K, committed 7488K, reserved 1048576K
}
Event: 37.477 GC heap after
{Heap after GC invocations=44 (full 0):
 garbage-first heap   total 264192K, used 160032K [0x0000000702600000, 0x0000000800000000)
  region size 2048K, 5 young (10240K), 5 survivors (10240K)
 Metaspace       used 68360K, committed 68672K, reserved 1114112K
  class space    used 7326K, committed 7488K, reserved 1048576K
}
Event: 38.484 GC heap before
{Heap before GC invocations=44 (full 0):
 garbage-first heap   total 264192K, used 223520K [0x0000000702600000, 0x0000000800000000)
  region size 2048K, 36 young (73728K), 5 survivors (10240K)
 Metaspace       used 70112K, committed 70464K, reserved 1114112K
  class space    used 7514K, committed 7680K, reserved 1048576K
}
Event: 38.509 GC heap after
{Heap after GC invocations=45 (full 0):
 garbage-first heap   total 264192K, used 170219K [0x0000000702600000, 0x0000000800000000)
  region size 2048K, 5 young (10240K), 5 survivors (10240K)
 Metaspace       used 70112K, committed 70464K, reserved 1114112K
  class space    used 7514K, committed 7680K, reserved 1048576K
}

Deoptimization events (20 events):
Event: 38.885 Thread 0x000002719999b260 Uncommon trap: trap_request=0xffffffde fr.pc=0x00000271a92376e4 relative=0x00000000000000c4
Event: 38.885 Thread 0x000002719999b260 Uncommon trap: reason=class_check action=maybe_recompile pc=0x00000271a92376e4 method=org.jetbrains.kotlin.ir.symbols.impl.IrSymbolBase.getDescriptor()Lorg/jetbrains/kotlin/descriptors/DeclarationDescriptor; @ 19 c2
Event: 38.885 Thread 0x000002719999b260 DEOPT PACKING pc=0x00000271a92376e4 sp=0x0000007651afd790
Event: 38.885 Thread 0x000002719999b260 DEOPT UNPACKING pc=0x00000271a87e23a3 sp=0x0000007651afd730 mode 2
Event: 38.885 Thread 0x000002719999b260 Uncommon trap: trap_request=0xffffffde fr.pc=0x00000271a92376e4 relative=0x00000000000000c4
Event: 38.885 Thread 0x000002719999b260 Uncommon trap: reason=class_check action=maybe_recompile pc=0x00000271a92376e4 method=org.jetbrains.kotlin.ir.symbols.impl.IrSymbolBase.getDescriptor()Lorg/jetbrains/kotlin/descriptors/DeclarationDescriptor; @ 19 c2
Event: 38.886 Thread 0x000002719999b260 DEOPT PACKING pc=0x00000271a92376e4 sp=0x0000007651afd790
Event: 38.886 Thread 0x000002719999b260 DEOPT UNPACKING pc=0x00000271a87e23a3 sp=0x0000007651afd730 mode 2
Event: 38.888 Thread 0x000002719999b260 Uncommon trap: trap_request=0xffffffde fr.pc=0x00000271a92376e4 relative=0x00000000000000c4
Event: 38.888 Thread 0x000002719999b260 Uncommon trap: reason=class_check action=maybe_recompile pc=0x00000271a92376e4 method=org.jetbrains.kotlin.ir.symbols.impl.IrSymbolBase.getDescriptor()Lorg/jetbrains/kotlin/descriptors/DeclarationDescriptor; @ 19 c2
Event: 38.888 Thread 0x000002719999b260 DEOPT PACKING pc=0x00000271a92376e4 sp=0x0000007651afd790
Event: 38.888 Thread 0x000002719999b260 DEOPT UNPACKING pc=0x00000271a87e23a3 sp=0x0000007651afd730 mode 2
Event: 39.006 Thread 0x000002719999b260 Uncommon trap: trap_request=0xffffffc6 fr.pc=0x00000271a9912f80 relative=0x0000000000003300
Event: 39.006 Thread 0x000002719999b260 Uncommon trap: reason=bimorphic_or_optimized_type_check action=maybe_recompile pc=0x00000271a9912f80 method=org.jetbrains.kotlin.ir.util.OriginalDescriptorsKt.getOriginalTypeParameter(Lorg/jetbrains/kotlin/descriptors/TypeParameterDescriptor;)Lorg/jetbrai
Event: 39.006 Thread 0x000002719999b260 DEOPT PACKING pc=0x00000271a9912f80 sp=0x0000007651afc140
Event: 39.006 Thread 0x000002719999b260 DEOPT UNPACKING pc=0x00000271a87e23a3 sp=0x0000007651afc030 mode 2
Event: 39.007 Thread 0x000002719999b260 Uncommon trap: trap_request=0xffffffc6 fr.pc=0x00000271a9912f80 relative=0x0000000000003300
Event: 39.007 Thread 0x000002719999b260 Uncommon trap: reason=bimorphic_or_optimized_type_check action=maybe_recompile pc=0x00000271a9912f80 method=org.jetbrains.kotlin.ir.util.OriginalDescriptorsKt.getOriginalTypeParameter(Lorg/jetbrains/kotlin/descriptors/TypeParameterDescriptor;)Lorg/jetbrai
Event: 39.007 Thread 0x000002719999b260 DEOPT PACKING pc=0x00000271a9912f80 sp=0x0000007651afc370
Event: 39.007 Thread 0x000002719999b260 DEOPT UNPACKING pc=0x00000271a87e23a3 sp=0x0000007651afc260 mode 2

Classes unloaded (0 events):
No events

Classes redefined (0 events):
No events

Internal exceptions (20 events):
Event: 12.694 Thread 0x000002719999b260 Exception <a 'java/lang/NoSuchMethodError'{0x000000070a2a2ff0}: 'java.lang.Object java.lang.invoke.DirectMethodHandle$Holder.newInvokeSpecial(java.lang.Object, java.lang.Object, java.lang.Object, java.lang.Object, java.lang.Object, java.lang.Object, java.lang.Object)'> (0x000000070a2a2ff0) 
thrown [s\open\src\hotspot\share\interpreter\linkResolver.cpp, line 759]
Event: 12.695 Thread 0x000002719999b260 Exception <a 'java/lang/NoSuchMethodError'{0x000000070a2a83a0}: 'java.lang.Object java.lang.invoke.Invokers$Holder.linkToTargetMethod(java.lang.Object, java.lang.Object, java.lang.Object, java.lang.Object, java.lang.Object, java.lang.Object, java.lang.Object)'> (0x000000070a2a83a0) 
thrown [s\open\src\hotspot\share\interpreter\linkResolver.cpp, line 759]
Event: 14.291 Thread 0x000002719999b260 Implicit null exception at 0x00000271a8f17cc3 to 0x00000271a8f17fa1
Event: 15.696 Thread 0x000002719999b260 Implicit null exception at 0x00000271a926c4a1 to 0x00000271a926cd50
Event: 16.533 Thread 0x000002719999b260 Implicit null exception at 0x00000271a8e518af to 0x00000271a8e51948
Event: 19.812 Thread 0x000002719999b260 Implicit null exception at 0x00000271a932c8e6 to 0x00000271a932da23
Event: 20.413 Thread 0x000002719999b260 Implicit null exception at 0x00000271a93038c4 to 0x00000271a93040d8
Event: 23.375 Thread 0x000002719999b260 Implicit null exception at 0x00000271a929a5ef to 0x00000271a929a81c
Event: 23.576 Thread 0x000002719999b260 Implicit null exception at 0x00000271a8e25d00 to 0x00000271a8e25f68
Event: 25.046 Thread 0x000002719999b260 Implicit null exception at 0x00000271a90d9ac0 to 0x00000271a90d9b51
Event: 33.939 Thread 0x000002719999b260 Implicit null exception at 0x00000271a9258135 to 0x00000271a9258ae8
Event: 35.985 Thread 0x000002719999b260 Exception <a 'java/lang/NoSuchMethodError'{0x00000007125117a8}: 'java.lang.Object java.lang.invoke.Invokers$Holder.linkToTargetMethod(java.lang.Object, java.lang.Object, int, int, java.lang.Object, java.lang.Object, java.lang.Object, java.lang.Object, java.lang.Object)'> (0x00000007125117a8) 
thrown [s\open\src\hotspot\share\interpreter\linkResolver.cpp, line 759]
Event: 36.157 Thread 0x000002719999b260 Exception <a 'java/lang/NoSuchMethodError'{0x0000000711eb1be8}: 'java.lang.Object java.lang.invoke.DirectMethodHandle$Holder.newInvokeSpecial(java.lang.Object, java.lang.Object, java.lang.Object, int, int)'> (0x0000000711eb1be8) 
thrown [s\open\src\hotspot\share\interpreter\linkResolver.cpp, line 759]
Event: 36.157 Thread 0x000002719999b260 Exception <a 'java/lang/NoSuchMethodError'{0x0000000711eb5a28}: 'java.lang.Object java.lang.invoke.DirectMethodHandle$Holder.invokeSpecial(java.lang.Object, java.lang.Object, java.lang.Object, java.lang.Object, int, int)'> (0x0000000711eb5a28) 
thrown [s\open\src\hotspot\share\interpreter\linkResolver.cpp, line 759]
Event: 36.174 Thread 0x000002719999b260 Exception <a 'java/lang/NoSuchMethodError'{0x0000000711f24cb0}: 'java.lang.Object java.lang.invoke.DirectMethodHandle$Holder.invokeStatic(java.lang.Object, java.lang.Object, java.lang.Object, int, int, java.lang.Object, java.lang.Object, java.lang.Object, java.lang.Object)'> (0x0000000711f24cb0) 
thrown [s\open\src\hotspot\share\interpreter\linkResolver.cpp, line 759]
Event: 36.175 Thread 0x000002719999b260 Exception <a 'java/lang/NoSuchMethodError'{0x0000000711f2ef78}: 'java.lang.Object java.lang.invoke.DirectMethodHandle$Holder.newInvokeSpecial(java.lang.Object, java.lang.Object, java.lang.Object, int, int, java.lang.Object)'> (0x0000000711f2ef78) 
thrown [s\open\src\hotspot\share\interpreter\linkResolver.cpp, line 759]
Event: 36.176 Thread 0x000002719999b260 Exception <a 'java/lang/NoSuchMethodError'{0x0000000711f36918}: 'java.lang.Object java.lang.invoke.Invokers$Holder.linkToTargetMethod(java.lang.Object, java.lang.Object, int, int, java.lang.Object, java.lang.Object)'> (0x0000000711f36918) 
thrown [s\open\src\hotspot\share\interpreter\linkResolver.cpp, line 759]
Event: 36.192 Thread 0x000002719999b260 Exception <a 'java/lang/NoSuchMethodError'{0x0000000711f8cbb0}: 'java.lang.Object java.lang.invoke.DirectMethodHandle$Holder.newInvokeSpecial(java.lang.Object, java.lang.Object, int, int, java.lang.Object, java.lang.Object, java.lang.Object)'> (0x0000000711f8cbb0) 
thrown [s\open\src\hotspot\share\interpreter\linkResolver.cpp, line 759]
Event: 36.192 Thread 0x000002719999b260 Exception <a 'java/lang/NoSuchMethodError'{0x0000000711f91458}: 'java.lang.Object java.lang.invoke.DirectMethodHandle$Holder.invokeSpecial(java.lang.Object, java.lang.Object, java.lang.Object, int, int, java.lang.Object, java.lang.Object, java.lang.Object)'> (0x0000000711f91458) 
thrown [s\open\src\hotspot\share\interpreter\linkResolver.cpp, line 759]
Event: 38.076 Thread 0x000002719999b260 Implicit null exception at 0x00000271a99777a6 to 0x00000271a997788c

VM Operations (20 events):
Event: 38.764 Executing VM operation: ICBufferFull
Event: 38.765 Executing VM operation: ICBufferFull done
Event: 38.852 Executing VM operation: HandshakeAllThreads
Event: 38.852 Executing VM operation: HandshakeAllThreads done
Event: 38.861 Executing VM operation: HandshakeAllThreads
Event: 38.861 Executing VM operation: HandshakeAllThreads done
Event: 38.877 Executing VM operation: HandshakeAllThreads
Event: 38.877 Executing VM operation: HandshakeAllThreads done
Event: 38.877 Executing VM operation: HandshakeAllThreads
Event: 38.877 Executing VM operation: HandshakeAllThreads done
Event: 38.895 Executing VM operation: HandshakeAllThreads
Event: 38.895 Executing VM operation: HandshakeAllThreads done
Event: 38.896 Executing VM operation: HandshakeAllThreads
Event: 38.896 Executing VM operation: HandshakeAllThreads done
Event: 38.904 Executing VM operation: ICBufferFull
Event: 38.904 Executing VM operation: ICBufferFull done
Event: 38.996 Executing VM operation: ICBufferFull
Event: 38.996 Executing VM operation: ICBufferFull done
Event: 39.101 Executing VM operation: ICBufferFull
Event: 39.102 Executing VM operation: ICBufferFull done

Events (20 events):
Event: 38.928 Thread 0x00000271bc6b84e0 flushing nmethod 0x00000271a3de2790
Event: 38.928 Thread 0x00000271bc6b84e0 flushing nmethod 0x00000271a3de2e90
Event: 38.928 Thread 0x00000271bc6b84e0 flushing nmethod 0x00000271a3de4f90
Event: 38.928 Thread 0x00000271bc6b84e0 flushing nmethod 0x00000271a3dea890
Event: 38.928 Thread 0x00000271bc6b84e0 flushing nmethod 0x00000271a3debc90
Event: 38.928 Thread 0x00000271bc6b84e0 flushing nmethod 0x00000271a3dee410
Event: 38.928 Thread 0x00000271bc6b84e0 flushing nmethod 0x00000271a3e04c10
Event: 38.928 Thread 0x00000271bc6b84e0 flushing nmethod 0x00000271a3e05890
Event: 38.928 Thread 0x00000271bc6b84e0 flushing nmethod 0x00000271a3e35090
Event: 38.928 Thread 0x00000271bc6b84e0 flushing nmethod 0x00000271a3e36b10
Event: 38.928 Thread 0x00000271bc6b84e0 flushing nmethod 0x00000271a3e37210
Event: 38.928 Thread 0x00000271bc6b84e0 flushing nmethod 0x00000271a3e37890
Event: 38.928 Thread 0x00000271bc6b84e0 flushing nmethod 0x00000271a3e39b10
Event: 38.928 Thread 0x00000271bc6b84e0 flushing nmethod 0x00000271a3e3ab90
Event: 38.928 Thread 0x00000271bc6b84e0 flushing nmethod 0x00000271a3e60d10
Event: 38.928 Thread 0x00000271bc6b84e0 flushing nmethod 0x00000271a3e61710
Event: 38.928 Thread 0x00000271bc6b84e0 flushing nmethod 0x00000271a3e62090
Event: 38.928 Thread 0x00000271bc6b84e0 flushing nmethod 0x00000271a3e65890
Event: 38.928 Thread 0x00000271bc6b84e0 flushing nmethod 0x00000271a3e67e10
Event: 38.928 Thread 0x00000271bc6b84e0 flushing nmethod 0x00000271a3e6b290


Dynamic libraries:
0x00007ff6e50c0000 - 0x00007ff6e50d0000 	C:\Program Files\Java\jdk-17\bin\java.exe
0x00007ffb92e50000 - 0x00007ffb93048000 	C:\WINDOWS\SYSTEM32\ntdll.dll
0x00007ffb913f0000 - 0x00007ffb914b2000 	C:\WINDOWS\System32\KERNEL32.DLL
0x00007ffb90640000 - 0x00007ffb9093f000 	C:\WINDOWS\System32\KERNELBASE.dll
0x00007ffb90cf0000 - 0x00007ffb90df0000 	C:\WINDOWS\System32\ucrtbase.dll
0x00007ffb58c60000 - 0x00007ffb58c79000 	C:\Program Files\Java\jdk-17\bin\jli.dll
0x00007ffb91290000 - 0x00007ffb9133f000 	C:\WINDOWS\System32\ADVAPI32.dll
0x00007ffb92860000 - 0x00007ffb928fe000 	C:\WINDOWS\System32\msvcrt.dll
0x00007ffb929c0000 - 0x00007ffb92a5f000 	C:\WINDOWS\System32\sechost.dll
0x00007ffb92730000 - 0x00007ffb92853000 	C:\WINDOWS\System32\RPCRT4.dll
0x00007ffb90df0000 - 0x00007ffb90e17000 	C:\WINDOWS\System32\bcrypt.dll
0x00007ffb91530000 - 0x00007ffb916cd000 	C:\WINDOWS\System32\USER32.dll
0x00007ffb90c50000 - 0x00007ffb90c72000 	C:\WINDOWS\System32\win32u.dll
0x00007ffb91060000 - 0x00007ffb9108b000 	C:\WINDOWS\System32\GDI32.dll
0x00007ffb90940000 - 0x00007ffb90a5a000 	C:\WINDOWS\System32\gdi32full.dll
0x00007ffb905a0000 - 0x00007ffb9063d000 	C:\WINDOWS\System32\msvcp_win.dll
0x00007ffb551f0000 - 0x00007ffb5520b000 	C:\Program Files\Java\jdk-17\bin\VCRUNTIME140.dll
0x00007ffb74990000 - 0x00007ffb74c2a000 	C:\WINDOWS\WinSxS\amd64_microsoft.windows.common-controls_6595b64144ccf1df_6.0.19041.4355_none_60b8b9eb71f62e16\COMCTL32.dll
0x00007ffb8ab80000 - 0x00007ffb8ab8a000 	C:\WINDOWS\SYSTEM32\VERSION.dll
0x00007ffb92c10000 - 0x00007ffb92c3f000 	C:\WINDOWS\System32\IMM32.DLL
0x00007ffb875a0000 - 0x00007ffb875ac000 	C:\Program Files\Java\jdk-17\bin\vcruntime140_1.dll
0x00007ffb0ae60000 - 0x00007ffb0aeee000 	C:\Program Files\Java\jdk-17\bin\msvcp140.dll
0x00007ffb07470000 - 0x00007ffb08050000 	C:\Program Files\Java\jdk-17\bin\server\jvm.dll
0x00007ffb923b0000 - 0x00007ffb923b8000 	C:\WINDOWS\System32\PSAPI.DLL
0x00007ffb718a0000 - 0x00007ffb718a9000 	C:\WINDOWS\SYSTEM32\WSOCK32.dll
0x00007ffb6d4f0000 - 0x00007ffb6d517000 	C:\WINDOWS\SYSTEM32\WINMM.dll
0x00007ffb914c0000 - 0x00007ffb9152b000 	C:\WINDOWS\System32\WS2_32.dll
0x00007ffb8ed60000 - 0x00007ffb8ed72000 	C:\WINDOWS\SYSTEM32\kernel.appcore.dll
0x00007ffb80f00000 - 0x00007ffb80f0a000 	C:\Program Files\Java\jdk-17\bin\jimage.dll
0x00007ffb8b0d0000 - 0x00007ffb8b2b4000 	C:\WINDOWS\SYSTEM32\DBGHELP.DLL
0x00007ffb69c80000 - 0x00007ffb69cb4000 	C:\WINDOWS\SYSTEM32\dbgcore.DLL
0x00007ffb90a60000 - 0x00007ffb90ae2000 	C:\WINDOWS\System32\bcryptPrimitives.dll
0x00007ffb476b0000 - 0x00007ffb476d5000 	C:\Program Files\Java\jdk-17\bin\java.dll
0x00007ffb09320000 - 0x00007ffb093f7000 	C:\Program Files\Java\jdk-17\bin\jsvml.dll
0x00007ffb91b50000 - 0x00007ffb922bd000 	C:\WINDOWS\System32\SHELL32.dll
0x00007ffb8e550000 - 0x00007ffb8ecf4000 	C:\WINDOWS\SYSTEM32\windows.storage.dll
0x00007ffb923c0000 - 0x00007ffb92715000 	C:\WINDOWS\System32\combase.dll
0x00007ffb8ff20000 - 0x00007ffb8ff4b000 	C:\WINDOWS\SYSTEM32\Wldp.dll
0x00007ffb92ca0000 - 0x00007ffb92d6d000 	C:\WINDOWS\System32\OLEAUT32.dll
0x00007ffb91340000 - 0x00007ffb913ed000 	C:\WINDOWS\System32\SHCORE.dll
0x00007ffb92350000 - 0x00007ffb923a5000 	C:\WINDOWS\System32\shlwapi.dll
0x00007ffb90420000 - 0x00007ffb90445000 	C:\WINDOWS\SYSTEM32\profapi.dll
0x00007ffb459e0000 - 0x00007ffb459f9000 	C:\Program Files\Java\jdk-17\bin\net.dll
0x00007ffb851b0000 - 0x00007ffb852ba000 	C:\WINDOWS\SYSTEM32\WINHTTP.dll
0x00007ffb8fc10000 - 0x00007ffb8fc7c000 	C:\WINDOWS\system32\mswsock.dll
0x00007ffb43950000 - 0x00007ffb43966000 	C:\Program Files\Java\jdk-17\bin\nio.dll
0x00007ffb43930000 - 0x00007ffb43948000 	C:\Program Files\Java\jdk-17\bin\zip.dll
0x00007ffb8ad30000 - 0x00007ffb8ad40000 	C:\Program Files\Java\jdk-17\bin\verify.dll

dbghelp: loaded successfully - version: 4.0.5 - missing functions: none
symbol engine: initialized successfully - sym options: 0x614 - pdb path: .;C:\Program Files\Java\jdk-17\bin;C:\WINDOWS\SYSTEM32;C:\WINDOWS\WinSxS\amd64_microsoft.windows.common-controls_6595b64144ccf1df_6.0.19041.4355_none_60b8b9eb71f62e16;C:\Program Files\Java\jdk-17\bin\server

VM Arguments:
java_command: org.jetbrains.kotlin.cli.jvm.K2JVMCompiler @E:\desktop 2025\Pakhims\PakHIMS\node_modules\expo-modules-core\android\build\20250408_11149805665097129285.compiler.options
java_class_path (initial): C:\Users\FFC\.gradle\caches\modules-2\files-2.1\org.jetbrains.kotlin\kotlin-compiler-embeddable\1.9.25\6e698f23ca1f74d6672827f61e92c2fe015d1b88\kotlin-compiler-embeddable-1.9.25.jar;C:\Users\FFC\.gradle\caches\modules-2\files-2.1\org.jetbrains.kotlin\kotlin-stdlib\1.9.25\f700a2f2b8f0d6d0fde48f56d894dc722fb029d7\kotlin-stdlib-1.9.25.jar;C:\Users\FFC\.gradle\caches\modules-2\files-2.1\org.jetbrains.kotlin\kotlin-script-runtime\1.9.25\43cdc99e4582c67c2b60f609d0e4c015d33a8e89\kotlin-script-runtime-1.9.25.jar;C:\Users\FFC\.gradle\caches\modules-2\files-2.1\org.jetbrains.kotlin\kotlin-reflect\1.6.10\1cbe9c92c12a94eea200d23c2bbaedaf3daf5132\kotlin-reflect-1.6.10.jar;C:\Users\FFC\.gradle\caches\modules-2\files-2.1\org.jetbrains.kotlin\kotlin-daemon-embeddable\1.9.25\3a1ebb4f98ed480e4774f45e3be215626eb3ae02\kotlin-daemon-embeddable-1.9.25.jar;C:\Users\FFC\.gradle\caches\modules-2\files-2.1\org.jetbrains.intellij.deps\trove4j\1.0.20200330\3afb14d5f9ceb459d724e907a21145e8ff394f02\trove4j-1.0.20200330.jar;C:\Users\FFC\.gradle\caches\modules-2\files-2.1\org.jetbrains\annotations\13.0\919f0dfe192fb4e063e7dacadee7f8bb9a2672a9\annotations-13.0.jar
Launcher Type: SUN_STANDARD

[Global flags]
     intx CICompilerCount                          = 4                                         {product} {ergonomic}
     uint ConcGCThreads                            = 2                                         {product} {ergonomic}
     uint G1ConcRefinementThreads                  = 8                                         {product} {ergonomic}
   size_t G1HeapRegionSize                         = 2097152                                   {product} {ergonomic}
    uintx GCDrainStackTargetSize                   = 64                                        {product} {ergonomic}
   size_t InitialHeapSize                          = 266338304                                 {product} {ergonomic}
   size_t MarkStackSize                            = 4194304                                   {product} {ergonomic}
   size_t MaxHeapSize                              = 4255121408                                {product} {ergonomic}
   size_t MaxNewSize                               = 2552233984                                {product} {ergonomic}
   size_t MinHeapDeltaBytes                        = 2097152                                   {product} {ergonomic}
   size_t MinHeapSize                              = 8388608                                   {product} {ergonomic}
    uintx NonNMethodCodeHeapSize                   = 5839372                                {pd product} {ergonomic}
    uintx NonProfiledCodeHeapSize                  = 122909434                              {pd product} {ergonomic}
    uintx ProfiledCodeHeapSize                     = 122909434                              {pd product} {ergonomic}
    uintx ReservedCodeCacheSize                    = 251658240                              {pd product} {ergonomic}
     bool SegmentedCodeCache                       = true                                      {product} {ergonomic}
   size_t SoftMaxHeapSize                          = 4255121408                             {manageable} {ergonomic}
     bool UseCompressedClassPointers               = true                           {product lp64_product} {ergonomic}
     bool UseCompressedOops                        = true                           {product lp64_product} {ergonomic}
     bool UseG1GC                                  = true                                      {product} {ergonomic}
     bool UseLargePagesIndividualAllocation        = false                                  {pd product} {ergonomic}

Logging:
Log output configuration:
 #0: stdout all=warning uptime,level,tags
 #1: stderr all=off uptime,level,tags

Environment Variables:
JAVA_HOME=C:\Program Files\Java\jdk-17\
CLASSPATH=E:\desktop 2025\Pakhims\PakHIMS\android\\gradle\wrapper\gradle-wrapper.jar
PATH=E:\desktop 2025\Pakhims\PakHIMS\node_modules\.bin;E:\desktop 2025\Pakhims\PakHIMS\node_modules\.bin;E:\desktop 2025\Pakhims\node_modules\.bin;E:\desktop 2025\node_modules\.bin;E:\node_modules\.bin;C:\Program Files\nodejs\node_modules\npm\node_modules\@npmcli\run-script\lib\node-gyp-bin;C:\Program Files\Common Files\Oracle\Java\javapath;C:\Python313\Scripts\;C:\Python313\;C:\WINDOWS\system32;C:\WINDOWS;C:\WINDOWS\System32\Wbem;C:\WINDOWS\System32\WindowsPowerShell\v1.0\;C:\WINDOWS\System32\OpenSSH\;C:\Users\FFC\AppData\Local\Microsoft\WindowsApps;C:\Users\FFC\AppData\Local\Programs\Microsoft VS Code\bin;C:\adb;C:\ProgramData\chocolatey\bin;C:\Program Files (x86)\Yarn\bin\;C:\Program Files (x86)\Intel\Intel(R) Management Engine Components\DAL;C:\Program Files\Intel\Intel(R) Management Engine Components\DAL;C:\Program Files\dotnet\;C:\Users\FFC\AppData\Local\Android\Sdk\platform-tools;C:\Users\FFC\AppData\Local\Android\Sdk\tools;C:\Users\FFC\AppData\Local\Android\Sdk\tools\bin;C:\Users\FFC\Desktop\gradle-8.12-bin\gradle-8.12\bin;C:\Users\FFC\AppData\Local\nvm;C:\nvm4w\nodejs;C:\Program Files\Git\cmd;C:\Program Files\nodejs\;C:\Program Files\Java\jdk-17\\bin;%GRADLE_HOME%\bin;C:\Users\FFC\AppData\Local\Programs\Python\Launcher\;C:\Users\FFC\AppData\Local\Microsoft\WindowsApps;C:\Users\FFC\AppData\Local\Yarn\bin;C:\Program Files\MongoDB\Server\6.0\bin;C:\Users\FFC\Desktop\platform-tools-latest-windows\platform-tools;C:\Users\FFC\AppData\Local\Programs\Microsoft VS Code\bin;C:\Users\FFC\AppData\Local\nvm;C:\nvm4w\nodejs;C:\Users\FFC\AppData\Local\GitHubDesktop\bin;C:\Users\FFC\AppData\Roaming\npm
USERNAME=FFC
LANG=en_US.UTF-8
OS=Windows_NT
PROCESSOR_IDENTIFIER=Intel64 Family 6 Model 142 Stepping 10, GenuineIntel



---------------  S Y S T E M  ---------------

OS:
 Windows 10 , 64 bit Build 19041 (10.0.19041.5438)
OS uptime: 11 days 3:05 hours

CPU: total 8 (initial active 8) (4 cores per cpu, 2 threads per core) family 6 model 142 stepping 10 microcode 0xf4, cx8, cmov, fxsr, ht, mmx, 3dnowpref, sse, sse2, sse3, ssse3, sse4.1, sse4.2, popcnt, lzcnt, tsc, tscinvbit, avx, avx2, aes, erms, clmul, bmi1, bmi2, rtm, adx, fma, vzeroupper, clflush, clflushopt

Memory: 4k page, system-wide physical 16227M (3466M free)
TotalPageFile size 20323M (AvailPageFile size 5M)
current process WorkingSet (physical memory assigned to process): 535M, peak: 539M
current process commit charge ("private bytes"): 578M, peak: 581M

vm_info: Java HotSpot(TM) 64-Bit Server VM (17.0.11+7-LTS-207) for windows-amd64 JRE (17.0.11+7-LTS-207), built on Mar 11 2024 19:01:50 by "mach5one" with MS VC++ 17.6 (VS2022)

END.
