#
# There is insufficient memory for the Java Runtime Environment to continue.
# Native memory allocation (mmap) failed to map 266338304 bytes for G1 virtual space
# Possible reasons:
#   The system is out of physical RAM or swap space
#   The process is running with CompressedOops enabled, and the Java Heap may be blocking the growth of the native heap
# Possible solutions:
#   Reduce memory load on the system
#   Increase physical memory or swap space
#   Check if swap backing store is full
#   Decrease Java heap size (-Xmx/-Xms)
#   Decrease number of Java threads
#   Decrease Java thread stack sizes (-Xss)
#   Set larger code cache with -XX:ReservedCodeCacheSize=
#   JVM is running with Zero Based Compressed Oops mode in which the Java heap is
#     placed in the first 32GB address space. The Java Heap base address is the
#     maximum limit for the native heap growth. Please use -XX:HeapBaseMinAddress
#     to set the Java Heap base and to place the Java Heap above 32GB virtual address.
# This output file may be truncated or incomplete.
#
#  Out of Memory Error (os_windows.cpp:3548), pid=11596, tid=15028
#
# JRE version:  (17.0.11+7) (build )
# Java VM: Java HotSpot(TM) 64-Bit Server VM (17.0.11+7-LTS-207, mixed mode, sharing, tiered, compressed oops, compressed class ptrs, g1 gc, windows-amd64)
# No core dump will be written. Minidumps are not enabled by default on client versions of Windows
#

---------------  S U M M A R Y ------------

Command Line: org.jetbrains.kotlin.cli.jvm.K2JVMCompiler @E:\desktop 2025\Pakhims\PakHIMS\node_modules\expo-dev-launcher\expo-dev-launcher-gradle-plugin\build\20250408_14084222967810746602.compiler.options

Host: Intel(R) Core(TM) i5-8350U CPU @ 1.70GHz, 8 cores, 15G,  Windows 10 , 64 bit Build 19041 (10.0.19041.5438)
Time: Tue Apr  8 18:05:57 2025 Pakistan Standard Time elapsed time: 0.009088 seconds (0d 0h 0m 0s)

---------------  T H R E A D  ---------------

Current thread (0x000001c0bfa9b360):  JavaThread "Unknown thread" [_thread_in_vm, id=15028, stack(0x000000ac0b600000,0x000000ac0b700000)]

Stack: [0x000000ac0b600000,0x000000ac0b700000]
Native frames: (J=compiled Java code, j=interpreted, Vv=VM code, C=native code)
V  [jvm.dll+0x679cca]
V  [jvm.dll+0x7da13d]
V  [jvm.dll+0x7dba83]
V  [jvm.dll+0x7dc0f3]
V  [jvm.dll+0x2449af]
V  [jvm.dll+0x676ce9]
V  [jvm.dll+0x66b852]
V  [jvm.dll+0x3018d6]
V  [jvm.dll+0x308e76]
V  [jvm.dll+0x3596ee]
V  [jvm.dll+0x35991f]
V  [jvm.dll+0x2d89a8]
V  [jvm.dll+0x2d9914]
V  [jvm.dll+0x7ac6b1]
V  [jvm.dll+0x366f61]
V  [jvm.dll+0x78b609]
V  [jvm.dll+0x3ec22f]
V  [jvm.dll+0x3ede61]
C  [jli.dll+0x5297]
C  [ucrtbase.dll+0x21bb2]
C  [KERNEL32.DLL+0x17374]
C  [ntdll.dll+0x4cc91]


---------------  P R O C E S S  ---------------

Threads class SMR info:
_java_thread_list=0x00007ffb07f27a18, length=0, elements={
}

Java Threads: ( => current thread )

Other Threads:
  0x000001c0bfb07890 GCTaskThread "GC Thread#0" [stack: 0x000000ac0b700000,0x000000ac0b800000] [id=23456]
  0x000001c0bfb19490 ConcurrentGCThread "G1 Main Marker" [stack: 0x000000ac0b800000,0x000000ac0b900000] [id=14408]
  0x000001c0bfb19db0 ConcurrentGCThread "G1 Conc#0" [stack: 0x000000ac0b900000,0x000000ac0ba00000] [id=7348]

[error occurred during error reporting (printing all threads), id 0xc0000005, EXCEPTION_ACCESS_VIOLATION (0xc0000005) at pc=0x00007ffb07759497]

VM state: not at safepoint (not fully initialized)

VM Mutex/Monitor currently owned by a thread:  ([mutex/lock_event])
[0x000001c0bfa97500] Heap_lock - owner thread: 0x000001c0bfa9b360

Heap address: 0x0000000702600000, size: 4058 MB, Compressed Oops mode: Zero based, Oop shift amount: 3

CDS archive(s) mapped at: [0x0000000000000000-0x0000000000000000-0x0000000000000000), size 0, SharedBaseAddress: 0x0000000800000000, ArchiveRelocationMode: 1.
Narrow klass base: 0x0000000000000000, Narrow klass shift: 0, Narrow klass range: 0x0

GC Precious Log:
<Empty>

Heap:
 garbage-first heap   total 0K, used 0K [0x0000000702600000, 0x0000000800000000)
  region size 2048K, 0 young (0K), 0 survivors (0K)

[error occurred during error reporting (printing heap information), id 0xc0000005, EXCEPTION_ACCESS_VIOLATION (0xc0000005) at pc=0x00007ffb07b43559]

GC Heap History (0 events):
No events

Deoptimization events (0 events):
No events

Classes unloaded (0 events):
No events

Classes redefined (0 events):
No events

Internal exceptions (0 events):
No events

VM Operations (0 events):
No events

Events (1 events):
Event: 0.006 Loaded shared library C:\Program Files\Java\jdk-17\bin\java.dll


Dynamic libraries:
0x00007ff6e50c0000 - 0x00007ff6e50d0000 	C:\Program Files\Java\jdk-17\bin\java.exe
0x00007ffb92e50000 - 0x00007ffb93048000 	C:\WINDOWS\SYSTEM32\ntdll.dll
0x00007ffb913f0000 - 0x00007ffb914b2000 	C:\WINDOWS\System32\KERNEL32.DLL
0x00007ffb90640000 - 0x00007ffb9093f000 	C:\WINDOWS\System32\KERNELBASE.dll
0x00007ffb90cf0000 - 0x00007ffb90df0000 	C:\WINDOWS\System32\ucrtbase.dll
0x00007ffb551f0000 - 0x00007ffb5520b000 	C:\Program Files\Java\jdk-17\bin\VCRUNTIME140.dll
0x00007ffb58c60000 - 0x00007ffb58c79000 	C:\Program Files\Java\jdk-17\bin\jli.dll
0x00007ffb91290000 - 0x00007ffb9133f000 	C:\WINDOWS\System32\ADVAPI32.dll
0x00007ffb92860000 - 0x00007ffb928fe000 	C:\WINDOWS\System32\msvcrt.dll
0x00007ffb929c0000 - 0x00007ffb92a5f000 	C:\WINDOWS\System32\sechost.dll
0x00007ffb92730000 - 0x00007ffb92853000 	C:\WINDOWS\System32\RPCRT4.dll
0x00007ffb90df0000 - 0x00007ffb90e17000 	C:\WINDOWS\System32\bcrypt.dll
0x00007ffb91530000 - 0x00007ffb916cd000 	C:\WINDOWS\System32\USER32.dll
0x00007ffb90c50000 - 0x00007ffb90c72000 	C:\WINDOWS\System32\win32u.dll
0x00007ffb74990000 - 0x00007ffb74c2a000 	C:\WINDOWS\WinSxS\amd64_microsoft.windows.common-controls_6595b64144ccf1df_6.0.19041.4355_none_60b8b9eb71f62e16\COMCTL32.dll
0x00007ffb91060000 - 0x00007ffb9108b000 	C:\WINDOWS\System32\GDI32.dll
0x00007ffb90940000 - 0x00007ffb90a5a000 	C:\WINDOWS\System32\gdi32full.dll
0x00007ffb905a0000 - 0x00007ffb9063d000 	C:\WINDOWS\System32\msvcp_win.dll
0x00007ffb8ab80000 - 0x00007ffb8ab8a000 	C:\WINDOWS\SYSTEM32\VERSION.dll
0x00007ffb92c10000 - 0x00007ffb92c3f000 	C:\WINDOWS\System32\IMM32.DLL
0x00007ffb875a0000 - 0x00007ffb875ac000 	C:\Program Files\Java\jdk-17\bin\vcruntime140_1.dll
0x00007ffb0ae60000 - 0x00007ffb0aeee000 	C:\Program Files\Java\jdk-17\bin\msvcp140.dll
0x00007ffb07470000 - 0x00007ffb08050000 	C:\Program Files\Java\jdk-17\bin\server\jvm.dll
0x00007ffb923b0000 - 0x00007ffb923b8000 	C:\WINDOWS\System32\PSAPI.DLL
0x00007ffb6d4f0000 - 0x00007ffb6d517000 	C:\WINDOWS\SYSTEM32\WINMM.dll
0x00007ffb718a0000 - 0x00007ffb718a9000 	C:\WINDOWS\SYSTEM32\WSOCK32.dll
0x00007ffb914c0000 - 0x00007ffb9152b000 	C:\WINDOWS\System32\WS2_32.dll
0x00007ffb8ed60000 - 0x00007ffb8ed72000 	C:\WINDOWS\SYSTEM32\kernel.appcore.dll
0x00007ffb80f00000 - 0x00007ffb80f0a000 	C:\Program Files\Java\jdk-17\bin\jimage.dll
0x00007ffb8b0d0000 - 0x00007ffb8b2b4000 	C:\WINDOWS\SYSTEM32\DBGHELP.DLL
0x00007ffb69c80000 - 0x00007ffb69cb4000 	C:\WINDOWS\SYSTEM32\dbgcore.DLL
0x00007ffb90a60000 - 0x00007ffb90ae2000 	C:\WINDOWS\System32\bcryptPrimitives.dll
0x00007ffb476b0000 - 0x00007ffb476d5000 	C:\Program Files\Java\jdk-17\bin\java.dll

dbghelp: loaded successfully - version: 4.0.5 - missing functions: none
symbol engine: initialized successfully - sym options: 0x614 - pdb path: .;C:\Program Files\Java\jdk-17\bin;C:\WINDOWS\SYSTEM32;C:\WINDOWS\WinSxS\amd64_microsoft.windows.common-controls_6595b64144ccf1df_6.0.19041.4355_none_60b8b9eb71f62e16;C:\Program Files\Java\jdk-17\bin\server

VM Arguments:
java_command: org.jetbrains.kotlin.cli.jvm.K2JVMCompiler @E:\desktop 2025\Pakhims\PakHIMS\node_modules\expo-dev-launcher\expo-dev-launcher-gradle-plugin\build\20250408_14084222967810746602.compiler.options
java_class_path (initial): C:\Users\FFC\.gradle\caches\modules-2\files-2.1\org.jetbrains.kotlin\kotlin-compiler-embeddable\1.9.25\6e698f23ca1f74d6672827f61e92c2fe015d1b88\kotlin-compiler-embeddable-1.9.25.jar;C:\Users\FFC\.gradle\caches\modules-2\files-2.1\org.jetbrains.kotlin\kotlin-stdlib\1.9.25\f700a2f2b8f0d6d0fde48f56d894dc722fb029d7\kotlin-stdlib-1.9.25.jar;C:\Users\FFC\.gradle\caches\modules-2\files-2.1\org.jetbrains.kotlin\kotlin-script-runtime\1.9.25\43cdc99e4582c67c2b60f609d0e4c015d33a8e89\kotlin-script-runtime-1.9.25.jar;C:\Users\FFC\.gradle\caches\modules-2\files-2.1\org.jetbrains.kotlin\kotlin-reflect\1.6.10\1cbe9c92c12a94eea200d23c2bbaedaf3daf5132\kotlin-reflect-1.6.10.jar;C:\Users\FFC\.gradle\caches\modules-2\files-2.1\org.jetbrains.kotlin\kotlin-daemon-embeddable\1.9.25\3a1ebb4f98ed480e4774f45e3be215626eb3ae02\kotlin-daemon-embeddable-1.9.25.jar;C:\Users\FFC\.gradle\caches\modules-2\files-2.1\org.jetbrains.intellij.deps\trove4j\1.0.20200330\3afb14d5f9ceb459d724e907a21145e8ff394f02\trove4j-1.0.20200330.jar;C:\Users\FFC\.gradle\caches\modules-2\files-2.1\org.jetbrains\annotations\13.0\919f0dfe192fb4e063e7dacadee7f8bb9a2672a9\annotations-13.0.jar
Launcher Type: SUN_STANDARD

[Global flags]
     intx CICompilerCount                          = 4                                         {product} {ergonomic}
     uint ConcGCThreads                            = 2                                         {product} {ergonomic}
     uint G1ConcRefinementThreads                  = 8                                         {product} {ergonomic}
   size_t G1HeapRegionSize                         = 2097152                                   {product} {ergonomic}
    uintx GCDrainStackTargetSize                   = 64                                        {product} {ergonomic}
   size_t InitialHeapSize                          = 266338304                                 {product} {ergonomic}
   size_t MarkStackSize                            = 4194304                                   {product} {ergonomic}
   size_t MaxHeapSize                              = 4255121408                                {product} {ergonomic}
   size_t MinHeapDeltaBytes                        = 2097152                                   {product} {ergonomic}
   size_t MinHeapSize                              = 8388608                                   {product} {ergonomic}
    uintx NonNMethodCodeHeapSize                   = 5839372                                {pd product} {ergonomic}
    uintx NonProfiledCodeHeapSize                  = 122909434                              {pd product} {ergonomic}
    uintx ProfiledCodeHeapSize                     = 122909434                              {pd product} {ergonomic}
    uintx ReservedCodeCacheSize                    = 251658240                              {pd product} {ergonomic}
     bool SegmentedCodeCache                       = true                                      {product} {ergonomic}
   size_t SoftMaxHeapSize                          = 4255121408                             {manageable} {ergonomic}
     bool UseCompressedClassPointers               = true                           {product lp64_product} {ergonomic}
     bool UseCompressedOops                        = true                           {product lp64_product} {ergonomic}
     bool UseG1GC                                  = true                                      {product} {ergonomic}
     bool UseLargePagesIndividualAllocation        = false                                  {pd product} {ergonomic}

Logging:
Log output configuration:
 #0: stdout all=warning uptime,level,tags
 #1: stderr all=off uptime,level,tags

Environment Variables:
JAVA_HOME=C:\Program Files\Java\jdk-17\
CLASSPATH=E:\desktop 2025\Pakhims\PakHIMS\android\\gradle\wrapper\gradle-wrapper.jar
PATH=E:\desktop 2025\Pakhims\PakHIMS\node_modules\.bin;E:\desktop 2025\Pakhims\PakHIMS\node_modules\.bin;E:\desktop 2025\Pakhims\node_modules\.bin;E:\desktop 2025\node_modules\.bin;E:\node_modules\.bin;C:\Program Files\nodejs\node_modules\npm\node_modules\@npmcli\run-script\lib\node-gyp-bin;C:\Program Files\Common Files\Oracle\Java\javapath;C:\Python313\Scripts\;C:\Python313\;C:\WINDOWS\system32;C:\WINDOWS;C:\WINDOWS\System32\Wbem;C:\WINDOWS\System32\WindowsPowerShell\v1.0\;C:\WINDOWS\System32\OpenSSH\;C:\Users\FFC\AppData\Local\Microsoft\WindowsApps;C:\Users\FFC\AppData\Local\Programs\Microsoft VS Code\bin;C:\adb;C:\ProgramData\chocolatey\bin;C:\Program Files (x86)\Yarn\bin\;C:\Program Files (x86)\Intel\Intel(R) Management Engine Components\DAL;C:\Program Files\Intel\Intel(R) Management Engine Components\DAL;C:\Program Files\dotnet\;C:\Users\FFC\AppData\Local\Android\Sdk\platform-tools;C:\Users\FFC\AppData\Local\Android\Sdk\tools;C:\Users\FFC\AppData\Local\Android\Sdk\tools\bin;C:\Users\FFC\Desktop\gradle-8.12-bin\gradle-8.12\bin;C:\Users\FFC\AppData\Local\nvm;C:\nvm4w\nodejs;C:\Program Files\Git\cmd;C:\Program Files\nodejs\;C:\Program Files\Java\jdk-17\\bin;%GRADLE_HOME%\bin;C:\Users\FFC\AppData\Local\Programs\Python\Launcher\;C:\Users\FFC\AppData\Local\Microsoft\WindowsApps;C:\Users\FFC\AppData\Local\Yarn\bin;C:\Program Files\MongoDB\Server\6.0\bin;C:\Users\FFC\Desktop\platform-tools-latest-windows\platform-tools;C:\Users\FFC\AppData\Local\Programs\Microsoft VS Code\bin;C:\Users\FFC\AppData\Local\nvm;C:\nvm4w\nodejs;C:\Users\FFC\AppData\Local\GitHubDesktop\bin;C:\Users\FFC\AppData\Roaming\npm
USERNAME=FFC
LANG=en_US.UTF-8
OS=Windows_NT
PROCESSOR_IDENTIFIER=Intel64 Family 6 Model 142 Stepping 10, GenuineIntel



---------------  S Y S T E M  ---------------

OS:
 Windows 10 , 64 bit Build 19041 (10.0.19041.5438)
OS uptime: 11 days 3:01 hours

CPU: total 8 (initial active 8) (4 cores per cpu, 2 threads per core) family 6 model 142 stepping 10 microcode 0xf4, cx8, cmov, fxsr, ht, mmx, 3dnowpref, sse, sse2, sse3, ssse3, sse4.1, sse4.2, popcnt, lzcnt, tsc, tscinvbit, avx, avx2, aes, erms, clmul, bmi1, bmi2, rtm, adx, fma, vzeroupper, clflush, clflushopt

Memory: 4k page, system-wide physical 16227M (4090M free)
TotalPageFile size 20323M (AvailPageFile size 131M)
current process WorkingSet (physical memory assigned to process): 10M, peak: 10M
current process commit charge ("private bytes"): 60M, peak: 314M

vm_info: Java HotSpot(TM) 64-Bit Server VM (17.0.11+7-LTS-207) for windows-amd64 JRE (17.0.11+7-LTS-207), built on Mar 11 2024 19:01:50 by "mach5one" with MS VC++ 17.6 (VS2022)

END.
